mode: set
orderPickupPoint/internal/service/authService/authService.go:34.77,41.2 2 0
orderPickupPoint/internal/service/authService/authService.go:44.103,48.16 4 0
orderPickupPoint/internal/service/authService/authService.go:48.16,50.3 1 0
orderPickupPoint/internal/service/authService/authService.go:52.2,58.16 3 0
orderPickupPoint/internal/service/authService/authService.go:58.16,60.3 1 0
orderPickupPoint/internal/service/authService/authService.go:62.2,62.32 1 0
orderPickupPoint/internal/service/authService/authService.go:66.102,74.16 3 0
orderPickupPoint/internal/service/authService/authService.go:74.16,76.3 1 0
orderPickupPoint/internal/service/authService/authService.go:78.2,78.31 1 0
orderPickupPoint/internal/service/authService/authService.go:81.102,83.16 2 0
orderPickupPoint/internal/service/authService/authService.go:83.16,85.3 1 0
orderPickupPoint/internal/service/authService/authService.go:87.2,88.16 2 0
orderPickupPoint/internal/service/authService/authService.go:88.16,90.3 1 0
orderPickupPoint/internal/service/authService/authService.go:92.2,95.8 1 0
orderPickupPoint/internal/service/authService/authService.go:98.78,100.16 2 0
orderPickupPoint/internal/service/authService/authService.go:100.16,102.3 1 0
orderPickupPoint/internal/service/authService/authService.go:103.2,106.12 3 0
orderPickupPoint/internal/service/authService/authService.go:109.97,111.16 2 0
orderPickupPoint/internal/service/authService/authService.go:111.16,113.3 1 0
orderPickupPoint/internal/service/authService/authService.go:115.2,116.16 2 0
orderPickupPoint/internal/service/authService/authService.go:116.16,118.3 1 0
orderPickupPoint/internal/service/authService/authService.go:120.2,121.16 2 0
orderPickupPoint/internal/service/authService/authService.go:121.16,123.3 1 0
orderPickupPoint/internal/service/authService/authService.go:125.2,126.16 2 0
orderPickupPoint/internal/service/authService/authService.go:126.16,128.3 1 0
orderPickupPoint/internal/service/authService/authService.go:130.2,133.8 1 0
orderPickupPoint/internal/service/authService/authService.go:137.112,140.16 2 0
orderPickupPoint/internal/service/authService/authService.go:140.16,142.3 1 0
orderPickupPoint/internal/service/authService/authService.go:143.2,144.16 2 0
orderPickupPoint/internal/service/authService/authService.go:144.16,147.3 2 0
orderPickupPoint/internal/service/authService/authService.go:150.2,151.16 2 0
orderPickupPoint/internal/service/authService/authService.go:151.16,153.3 1 0
orderPickupPoint/internal/service/authService/authService.go:155.2,157.37 2 0
orderPickupPoint/internal/service/authService/authService.go:157.37,160.17 3 0
orderPickupPoint/internal/service/authService/authService.go:160.17,162.4 1 0
orderPickupPoint/internal/service/authService/authService.go:164.3,164.38 1 0
orderPickupPoint/internal/service/authService/authService.go:164.38,170.18 4 0
orderPickupPoint/internal/service/authService/authService.go:170.18,172.5 1 0
orderPickupPoint/internal/service/authService/authService.go:175.4,177.18 3 0
orderPickupPoint/internal/service/authService/authService.go:177.18,179.5 1 0
orderPickupPoint/internal/service/authService/authService.go:180.4,180.44 1 0
orderPickupPoint/internal/service/authService/authService.go:184.3,185.17 2 0
orderPickupPoint/internal/service/authService/authService.go:185.17,187.4 1 0
orderPickupPoint/internal/service/authService/authService.go:189.3,193.17 4 0
orderPickupPoint/internal/service/authService/authService.go:193.17,195.4 1 0
orderPickupPoint/internal/service/authService/authService.go:197.3,197.41 1 0
orderPickupPoint/internal/service/authService/authService.go:200.2,200.23 1 0
orderPickupPoint/internal/service/authService/authService.go:202.106,204.16 2 0
orderPickupPoint/internal/service/authService/authService.go:204.16,206.3 1 0
orderPickupPoint/internal/service/authService/authService.go:207.2,208.47 2 0
orderPickupPoint/internal/service/authService/authService.go:208.47,210.3 1 0
orderPickupPoint/internal/service/authService/authService.go:211.2,211.19 1 0
orderPickupPoint/internal/service/authService/authService.go:215.75,216.76 1 0
orderPickupPoint/internal/service/authService/authService.go:216.76,218.10 2 0
orderPickupPoint/internal/service/authService/authService.go:218.10,220.4 1 0
orderPickupPoint/internal/service/authService/authService.go:221.3,221.35 1 0
orderPickupPoint/internal/service/authService/authService.go:224.2,224.16 1 0
orderPickupPoint/internal/service/authService/authService.go:224.16,226.3 1 0
orderPickupPoint/internal/service/authService/authService.go:228.2,229.26 2 0
orderPickupPoint/internal/service/authService/authService.go:229.26,231.3 1 0
orderPickupPoint/internal/service/authService/authService.go:233.2,233.39 1 0
orderPickupPoint/cmd/main.go:7.13,9.2 1 0
orderPickupPoint/config/config.go:13.36,21.2 2 0
orderPickupPoint/internal/service/pickupPointService/pickupPointService.go:15.85,19.2 1 0
orderPickupPoint/internal/service/pickupPointService/pickupPointService.go:21.129,29.16 4 0
orderPickupPoint/internal/service/pickupPointService/pickupPointService.go:29.16,31.3 1 0
orderPickupPoint/internal/service/pickupPointService/pickupPointService.go:33.2,39.28 2 0
orderPickupPoint/internal/service/pickupPointService/pickupPointService.go:42.111,44.16 2 0
orderPickupPoint/internal/service/pickupPointService/pickupPointService.go:44.16,46.3 1 0
orderPickupPoint/internal/service/pickupPointService/pickupPointService.go:47.2,49.28 2 0
orderPickupPoint/internal/service/pickupPointService/pickupPointService.go:49.28,51.14 2 0
orderPickupPoint/internal/service/pickupPointService/pickupPointService.go:51.14,58.4 2 0
orderPickupPoint/internal/service/pickupPointService/pickupPointService.go:60.3,61.33 2 0
orderPickupPoint/internal/service/pickupPointService/pickupPointService.go:61.33,62.48 1 0
orderPickupPoint/internal/service/pickupPointService/pickupPointService.go:62.48,64.10 2 0
orderPickupPoint/internal/service/pickupPointService/pickupPointService.go:67.3,67.17 1 0
orderPickupPoint/internal/service/pickupPointService/pickupPointService.go:67.17,74.4 3 0
orderPickupPoint/internal/service/pickupPointService/pickupPointService.go:76.3,81.47 2 0
orderPickupPoint/internal/service/pickupPointService/pickupPointService.go:84.2,85.29 2 0
orderPickupPoint/internal/service/pickupPointService/pickupPointService.go:85.29,87.3 1 0
orderPickupPoint/internal/service/pickupPointService/pickupPointService.go:88.2,88.20 1 0
orderPickupPoint/internal/app/app.go:13.12,17.16 3 0
orderPickupPoint/internal/app/app.go:17.16,19.3 1 0
orderPickupPoint/internal/app/app.go:21.2,22.16 2 0
orderPickupPoint/internal/app/app.go:22.16,24.3 1 0
orderPickupPoint/internal/app/app.go:26.2,34.48 5 0
orderPickupPoint/internal/service/service.go:46.40,52.2 1 0
orderPickupPoint/internal/storage/postgres/postgres.go:38.60,40.16 2 0
orderPickupPoint/internal/storage/postgres/postgres.go:40.16,42.3 1 0
orderPickupPoint/internal/storage/postgres/postgres.go:43.2,43.28 1 0
orderPickupPoint/internal/storage/postgres/postgres.go:46.84,48.2 1 0
orderPickupPoint/internal/storage/postgres/postgres.go:50.91,52.2 1 0
orderPickupPoint/internal/storage/postgres/postgres.go:54.99,56.2 1 0
orderPickupPoint/internal/storage/postgres/postgres.go:58.29,60.2 1 0
orderPickupPoint/internal/storage/postgres/postgres.go:62.80,64.2 1 0
orderPickupPoint/internal/storage/postgres/postgres.go:66.95,68.2 1 0
orderPickupPoint/internal/storage/postgres/postgres.go:70.51,72.2 1 0
orderPickupPoint/internal/storage/postgres/postgres.go:74.53,76.2 1 0
orderPickupPoint/internal/storage/postgres/postgres.go:78.31,80.16 2 0
orderPickupPoint/internal/storage/postgres/postgres.go:80.16,82.3 1 0
orderPickupPoint/internal/storage/postgres/postgres.go:84.2,85.16 2 0
orderPickupPoint/internal/storage/postgres/postgres.go:85.16,87.3 1 0
orderPickupPoint/internal/storage/postgres/postgres.go:89.2,94.16 5 0
orderPickupPoint/internal/storage/postgres/postgres.go:94.16,96.3 1 0
orderPickupPoint/internal/storage/postgres/postgres.go:98.2,99.16 2 0
orderPickupPoint/internal/storage/postgres/postgres.go:99.16,101.3 1 0
orderPickupPoint/internal/storage/postgres/postgres.go:103.2,103.42 1 0
orderPickupPoint/internal/storage/postgres/postgres.go:106.33,107.23 1 0
orderPickupPoint/internal/storage/postgres/postgres.go:107.23,109.3 1 0
orderPickupPoint/internal/storage/postgres/authRepo/authRepo.go:15.50,19.2 1 0
orderPickupPoint/internal/storage/postgres/authRepo/authRepo.go:21.83,27.16 4 0
orderPickupPoint/internal/storage/postgres/authRepo/authRepo.go:27.16,29.3 1 0
orderPickupPoint/internal/storage/postgres/authRepo/authRepo.go:30.2,30.16 1 0
orderPickupPoint/internal/storage/postgres/authRepo/authRepo.go:33.111,43.2 4 0
orderPickupPoint/internal/storage/postgres/authRepo/authRepo.go:45.77,50.16 3 0
orderPickupPoint/internal/storage/postgres/authRepo/authRepo.go:50.16,52.3 1 0
orderPickupPoint/internal/storage/postgres/authRepo/authRepo.go:54.2,55.16 2 0
orderPickupPoint/internal/storage/postgres/authRepo/authRepo.go:55.16,57.3 1 0
orderPickupPoint/internal/storage/postgres/authRepo/authRepo.go:58.2,58.12 1 0
orderPickupPoint/internal/storage/postgres/authRepo/authRepo.go:61.92,70.16 4 0
orderPickupPoint/internal/storage/postgres/authRepo/authRepo.go:70.16,72.3 1 0
orderPickupPoint/internal/storage/postgres/authRepo/authRepo.go:73.2,73.18 1 0
orderPickupPoint/internal/storage/postgres/authRepo/authRepo.go:76.102,86.2 4 0
orderPickupPoint/internal/storage/postgres/authRepo/authRepo.go:88.95,96.16 4 0
orderPickupPoint/internal/storage/postgres/authRepo/authRepo.go:96.16,98.3 1 0
orderPickupPoint/internal/storage/postgres/authRepo/authRepo.go:100.2,100.21 1 0
orderPickupPoint/internal/service/receptionService/receptionService.go:15.77,19.2 1 1
orderPickupPoint/internal/service/receptionService/receptionService.go:21.112,23.16 2 1
orderPickupPoint/internal/service/receptionService/receptionService.go:23.16,25.3 1 0
orderPickupPoint/internal/service/receptionService/receptionService.go:27.2,28.16 2 1
orderPickupPoint/internal/service/receptionService/receptionService.go:28.16,30.3 1 0
orderPickupPoint/internal/service/receptionService/receptionService.go:31.2,37.26 2 1
orderPickupPoint/internal/service/receptionService/receptionService.go:40.119,42.16 2 1
orderPickupPoint/internal/service/receptionService/receptionService.go:42.16,44.3 1 0
orderPickupPoint/internal/service/receptionService/receptionService.go:45.2,52.16 3 1
orderPickupPoint/internal/service/receptionService/receptionService.go:52.16,54.3 1 0
orderPickupPoint/internal/service/receptionService/receptionService.go:56.2,62.24 2 1
orderPickupPoint/internal/service/receptionService/receptionService.go:65.101,68.2 2 1
orderPickupPoint/internal/service/receptionService/receptionService.go:70.87,73.2 2 1
orderPickupPoint/internal/storage/storage.go:47.56,53.2 1 0
orderPickupPoint/internal/storage/postgres/pickupPointRepo/pickupPointRepo.go:15.64,19.2 1 1
orderPickupPoint/internal/storage/postgres/pickupPointRepo/pickupPointRepo.go:21.90,28.16 4 1
orderPickupPoint/internal/storage/postgres/pickupPointRepo/pickupPointRepo.go:28.16,30.3 1 1
orderPickupPoint/internal/storage/postgres/pickupPointRepo/pickupPointRepo.go:32.2,32.16 1 1
orderPickupPoint/internal/storage/postgres/pickupPointRepo/pickupPointRepo.go:35.117,42.16 4 1
orderPickupPoint/internal/storage/postgres/pickupPointRepo/pickupPointRepo.go:42.16,44.3 1 1
orderPickupPoint/internal/storage/postgres/pickupPointRepo/pickupPointRepo.go:46.2,46.28 1 1
orderPickupPoint/internal/storage/postgres/pickupPointRepo/pickupPointRepo.go:49.124,67.54 3 0
orderPickupPoint/internal/storage/postgres/pickupPointRepo/pickupPointRepo.go:67.54,71.3 3 0
orderPickupPoint/internal/storage/postgres/pickupPointRepo/pickupPointRepo.go:73.2,81.16 6 0
orderPickupPoint/internal/storage/postgres/pickupPointRepo/pickupPointRepo.go:81.16,83.3 1 0
orderPickupPoint/internal/storage/postgres/pickupPointRepo/pickupPointRepo.go:84.2,87.18 3 0
orderPickupPoint/internal/storage/postgres/pickupPointRepo/pickupPointRepo.go:87.18,99.17 3 0
orderPickupPoint/internal/storage/postgres/pickupPointRepo/pickupPointRepo.go:99.17,100.12 1 0
orderPickupPoint/internal/storage/postgres/pickupPointRepo/pickupPointRepo.go:102.3,102.25 1 0
orderPickupPoint/internal/storage/postgres/pickupPointRepo/pickupPointRepo.go:104.2,104.17 1 0
orderPickupPoint/internal/transport/transport.go:16.54,20.2 1 0
orderPickupPoint/internal/transport/transport.go:22.44,46.2 17 0
orderPickupPoint/internal/transport/http/authHandler/authHandler.go:17.60,21.2 1 0
orderPickupPoint/internal/transport/http/authHandler/authHandler.go:23.74,24.56 1 0
orderPickupPoint/internal/transport/http/authHandler/authHandler.go:24.56,27.3 2 0
orderPickupPoint/internal/transport/http/authHandler/authHandler.go:29.2,30.65 2 0
orderPickupPoint/internal/transport/http/authHandler/authHandler.go:30.65,33.3 2 0
orderPickupPoint/internal/transport/http/authHandler/authHandler.go:35.2,41.16 3 0
orderPickupPoint/internal/transport/http/authHandler/authHandler.go:41.16,43.3 1 0
orderPickupPoint/internal/transport/http/authHandler/authHandler.go:45.2,61.4 2 0
orderPickupPoint/internal/transport/http/authHandler/authHandler.go:64.72,65.56 1 0
orderPickupPoint/internal/transport/http/authHandler/authHandler.go:65.56,68.3 2 0
orderPickupPoint/internal/transport/http/authHandler/authHandler.go:70.2,71.65 2 0
orderPickupPoint/internal/transport/http/authHandler/authHandler.go:71.65,74.3 2 0
orderPickupPoint/internal/transport/http/authHandler/authHandler.go:76.2,76.73 1 0
orderPickupPoint/internal/transport/http/authHandler/authHandler.go:76.73,79.3 2 0
orderPickupPoint/internal/transport/http/authHandler/authHandler.go:81.2,82.16 2 0
orderPickupPoint/internal/transport/http/authHandler/authHandler.go:82.16,85.3 2 0
orderPickupPoint/internal/transport/http/authHandler/authHandler.go:86.2,86.35 1 0
orderPickupPoint/internal/transport/http/authHandler/authHandler.go:89.69,90.56 1 0
orderPickupPoint/internal/transport/http/authHandler/authHandler.go:90.56,93.3 2 0
orderPickupPoint/internal/transport/http/authHandler/authHandler.go:95.2,96.65 2 0
orderPickupPoint/internal/transport/http/authHandler/authHandler.go:96.65,99.3 2 0
orderPickupPoint/internal/transport/http/authHandler/authHandler.go:101.2,102.16 2 0
orderPickupPoint/internal/transport/http/authHandler/authHandler.go:102.16,105.3 2 0
orderPickupPoint/internal/transport/http/authHandler/authHandler.go:107.2,128.58 5 0
orderPickupPoint/internal/transport/http/authHandler/authHandler.go:128.58,130.3 1 0
orderPickupPoint/internal/transport/http/authHandler/authHandler.go:133.84,134.71 1 0
orderPickupPoint/internal/transport/http/authHandler/authHandler.go:134.71,137.17 3 0
orderPickupPoint/internal/transport/http/authHandler/authHandler.go:137.17,140.4 2 0
orderPickupPoint/internal/transport/http/authHandler/authHandler.go:141.3,142.17 2 0
orderPickupPoint/internal/transport/http/authHandler/authHandler.go:142.17,145.4 2 0
orderPickupPoint/internal/transport/http/authHandler/authHandler.go:147.3,153.17 3 0
orderPickupPoint/internal/transport/http/authHandler/authHandler.go:153.17,156.4 2 0
orderPickupPoint/internal/transport/http/authHandler/authHandler.go:158.3,158.29 1 0
orderPickupPoint/internal/transport/http/authHandler/authHandler.go:158.29,166.4 1 0
orderPickupPoint/internal/transport/http/authHandler/authHandler.go:168.3,168.28 1 0
orderPickupPoint/internal/transport/http/authHandler/authHandler.go:168.28,178.4 1 0
orderPickupPoint/internal/transport/http/authHandler/authHandler.go:179.3,179.13 1 0
orderPickupPoint/internal/transport/http/authHandler/authHandler.go:183.114,184.71 1 0
orderPickupPoint/internal/transport/http/authHandler/authHandler.go:184.71,186.17 2 0
orderPickupPoint/internal/transport/http/authHandler/authHandler.go:186.17,189.4 2 0
orderPickupPoint/internal/transport/http/authHandler/authHandler.go:190.3,195.17 3 0
orderPickupPoint/internal/transport/http/authHandler/authHandler.go:195.17,198.4 2 0
orderPickupPoint/internal/transport/http/authHandler/authHandler.go:200.3,200.16 1 0
orderPickupPoint/internal/transport/http/authHandler/authHandler.go:200.16,202.4 1 0
orderPickupPoint/internal/transport/http/authHandler/authHandler.go:202.9,204.4 1 0
orderPickupPoint/internal/storage/postgres/receptionRepo/receptionRepo.go:17.60,21.2 1 1
orderPickupPoint/internal/storage/postgres/receptionRepo/receptionRepo.go:23.88,32.2 4 1
orderPickupPoint/internal/storage/postgres/receptionRepo/receptionRepo.go:34.95,41.16 4 1
orderPickupPoint/internal/storage/postgres/receptionRepo/receptionRepo.go:41.16,43.3 1 1
orderPickupPoint/internal/storage/postgres/receptionRepo/receptionRepo.go:45.2,45.16 1 1
orderPickupPoint/internal/storage/postgres/receptionRepo/receptionRepo.go:48.106,59.16 4 1
orderPickupPoint/internal/storage/postgres/receptionRepo/receptionRepo.go:59.16,61.3 1 1
orderPickupPoint/internal/storage/postgres/receptionRepo/receptionRepo.go:62.2,62.26 1 1
orderPickupPoint/internal/storage/postgres/receptionRepo/receptionRepo.go:65.135,84.16 6 1
orderPickupPoint/internal/storage/postgres/receptionRepo/receptionRepo.go:84.16,86.3 1 1
orderPickupPoint/internal/storage/postgres/receptionRepo/receptionRepo.go:87.2,91.16 3 1
orderPickupPoint/internal/storage/postgres/receptionRepo/receptionRepo.go:91.16,93.3 1 0
orderPickupPoint/internal/storage/postgres/receptionRepo/receptionRepo.go:95.2,96.16 2 1
orderPickupPoint/internal/storage/postgres/receptionRepo/receptionRepo.go:96.16,98.3 1 0
orderPickupPoint/internal/storage/postgres/receptionRepo/receptionRepo.go:99.2,100.16 2 1
orderPickupPoint/internal/storage/postgres/receptionRepo/receptionRepo.go:100.16,102.3 1 0
orderPickupPoint/internal/storage/postgres/receptionRepo/receptionRepo.go:104.2,113.26 3 1
orderPickupPoint/internal/storage/postgres/receptionRepo/receptionRepo.go:116.98,132.16 5 1
orderPickupPoint/internal/storage/postgres/receptionRepo/receptionRepo.go:132.16,134.3 1 1
orderPickupPoint/internal/storage/postgres/receptionRepo/receptionRepo.go:135.2,142.16 4 1
orderPickupPoint/internal/storage/postgres/receptionRepo/receptionRepo.go:142.16,144.3 1 0
orderPickupPoint/internal/storage/postgres/receptionRepo/receptionRepo.go:146.2,147.16 2 1
orderPickupPoint/internal/storage/postgres/receptionRepo/receptionRepo.go:147.16,149.3 1 0
orderPickupPoint/internal/storage/postgres/receptionRepo/receptionRepo.go:151.2,152.16 2 1
orderPickupPoint/internal/storage/postgres/receptionRepo/receptionRepo.go:152.16,154.3 1 0
orderPickupPoint/internal/storage/postgres/receptionRepo/receptionRepo.go:156.2,158.12 2 1
orderPickupPoint/internal/storage/postgres/receptionRepo/receptionRepo.go:161.84,167.2 3 1
orderPickupPoint/internal/transport/http/pickupPointHandler/pickupPointHandler.go:18.88,22.2 1 1
orderPickupPoint/internal/transport/http/pickupPointHandler/pickupPointHandler.go:24.77,25.56 1 1
orderPickupPoint/internal/transport/http/pickupPointHandler/pickupPointHandler.go:25.56,28.3 2 1
orderPickupPoint/internal/transport/http/pickupPointHandler/pickupPointHandler.go:30.2,31.69 2 1
orderPickupPoint/internal/transport/http/pickupPointHandler/pickupPointHandler.go:31.69,34.3 2 0
orderPickupPoint/internal/transport/http/pickupPointHandler/pickupPointHandler.go:36.2,37.16 2 1
orderPickupPoint/internal/transport/http/pickupPointHandler/pickupPointHandler.go:37.16,40.3 2 1
orderPickupPoint/internal/transport/http/pickupPointHandler/pickupPointHandler.go:41.2,43.63 3 1
orderPickupPoint/internal/transport/http/pickupPointHandler/pickupPointHandler.go:43.63,46.3 2 0
orderPickupPoint/internal/transport/http/pickupPointHandler/pickupPointHandler.go:49.88,57.38 6 0
orderPickupPoint/internal/transport/http/pickupPointHandler/pickupPointHandler.go:57.38,58.69 1 0
orderPickupPoint/internal/transport/http/pickupPointHandler/pickupPointHandler.go:58.69,60.4 1 0
orderPickupPoint/internal/transport/http/pickupPointHandler/pickupPointHandler.go:60.9,63.4 2 0
orderPickupPoint/internal/transport/http/pickupPointHandler/pickupPointHandler.go:64.3,64.67 1 0
orderPickupPoint/internal/transport/http/pickupPointHandler/pickupPointHandler.go:64.67,66.4 1 0
orderPickupPoint/internal/transport/http/pickupPointHandler/pickupPointHandler.go:66.9,69.4 2 0
orderPickupPoint/internal/transport/http/pickupPointHandler/pickupPointHandler.go:71.2,71.16 1 0
orderPickupPoint/internal/transport/http/pickupPointHandler/pickupPointHandler.go:71.16,73.28 2 0
orderPickupPoint/internal/transport/http/pickupPointHandler/pickupPointHandler.go:73.28,76.4 2 0
orderPickupPoint/internal/transport/http/pickupPointHandler/pickupPointHandler.go:77.3,77.20 1 0
orderPickupPoint/internal/transport/http/pickupPointHandler/pickupPointHandler.go:78.8,80.3 1 0
orderPickupPoint/internal/transport/http/pickupPointHandler/pickupPointHandler.go:82.2,82.21 1 0
orderPickupPoint/internal/transport/http/pickupPointHandler/pickupPointHandler.go:82.21,84.40 2 0
orderPickupPoint/internal/transport/http/pickupPointHandler/pickupPointHandler.go:84.40,87.4 2 0
orderPickupPoint/internal/transport/http/pickupPointHandler/pickupPointHandler.go:88.3,88.25 1 0
orderPickupPoint/internal/transport/http/pickupPointHandler/pickupPointHandler.go:89.8,91.3 1 0
orderPickupPoint/internal/transport/http/pickupPointHandler/pickupPointHandler.go:93.2,95.16 2 0
orderPickupPoint/internal/transport/http/pickupPointHandler/pickupPointHandler.go:95.16,98.3 2 0
orderPickupPoint/internal/transport/http/pickupPointHandler/pickupPointHandler.go:100.2,102.33 3 0
orderPickupPoint/internal/utils/errorsHandl/errorsHandl.go:12.75,18.2 3 0
orderPickupPoint/internal/transport/http/receptionHandler/receptionHandler.go:19.80,23.2 1 1
orderPickupPoint/internal/transport/http/receptionHandler/receptionHandler.go:25.78,27.2 1 0
orderPickupPoint/internal/transport/http/receptionHandler/receptionHandler.go:29.84,30.56 1 1
orderPickupPoint/internal/transport/http/receptionHandler/receptionHandler.go:30.56,33.3 2 1
orderPickupPoint/internal/transport/http/receptionHandler/receptionHandler.go:35.2,36.67 2 1
orderPickupPoint/internal/transport/http/receptionHandler/receptionHandler.go:36.67,39.3 2 1
orderPickupPoint/internal/transport/http/receptionHandler/receptionHandler.go:41.2,42.16 2 1
orderPickupPoint/internal/transport/http/receptionHandler/receptionHandler.go:42.16,45.3 2 0
orderPickupPoint/internal/transport/http/receptionHandler/receptionHandler.go:47.2,49.61 3 1
orderPickupPoint/internal/transport/http/receptionHandler/receptionHandler.go:49.61,51.3 1 0
orderPickupPoint/internal/transport/http/receptionHandler/receptionHandler.go:55.79,56.56 1 1
orderPickupPoint/internal/transport/http/receptionHandler/receptionHandler.go:56.56,59.3 2 1
orderPickupPoint/internal/transport/http/receptionHandler/receptionHandler.go:61.2,62.68 2 1
orderPickupPoint/internal/transport/http/receptionHandler/receptionHandler.go:62.68,65.3 2 1
orderPickupPoint/internal/transport/http/receptionHandler/receptionHandler.go:67.2,68.16 2 1
orderPickupPoint/internal/transport/http/receptionHandler/receptionHandler.go:68.16,71.3 2 1
orderPickupPoint/internal/transport/http/receptionHandler/receptionHandler.go:72.2,74.59 3 1
orderPickupPoint/internal/transport/http/receptionHandler/receptionHandler.go:74.59,76.3 1 0
orderPickupPoint/internal/transport/http/receptionHandler/receptionHandler.go:79.86,83.16 3 1
orderPickupPoint/internal/transport/http/receptionHandler/receptionHandler.go:83.16,86.3 2 1
orderPickupPoint/internal/transport/http/receptionHandler/receptionHandler.go:88.2,89.16 2 1
orderPickupPoint/internal/transport/http/receptionHandler/receptionHandler.go:89.16,92.3 2 0
orderPickupPoint/internal/transport/http/receptionHandler/receptionHandler.go:95.83,99.16 3 1
orderPickupPoint/internal/transport/http/receptionHandler/receptionHandler.go:99.16,102.3 2 1
orderPickupPoint/internal/transport/http/receptionHandler/receptionHandler.go:104.2,105.16 2 1
orderPickupPoint/internal/transport/http/receptionHandler/receptionHandler.go:105.16,108.3 2 0
